<?xml version="1.0" encoding="UTF-8"?>
<!-- Generated by org.testng.reporters.JUnitReportReporter -->
<testsuite skipped="1" hostname="LAPTOP32" name="kovair.JenkinsIntegration1.JenkinsIntegrationTestNGClass" tests="5" failures="0" timestamp="11 Jun 2019 13:05:18 GMT" time="0.036" errors="0">
  <testcase name="NGTest1" time="0.020" classname="kovair.JenkinsIntegration1.JenkinsIntegrationTestNGClass"/>
  <testcase name="NGTest2" time="0.008" classname="kovair.JenkinsIntegration1.JenkinsIntegrationTestNGClass">
    <skipped/>
  </testcase> <!-- NGTest2 -->
  <testcase name="NGTest3" time="0.001" classname="kovair.JenkinsIntegration1.JenkinsIntegrationTestNGClass"/>
  <testcase name="NGTest4" time="0.004" classname="kovair.JenkinsIntegration1.JenkinsIntegrationTestNGClass"/>
  <testcase name="NGTest5" time="0.003" classname="kovair.JenkinsIntegration1.JenkinsIntegrationTestNGClass"/>
</testsuite> <!-- kovair.JenkinsIntegration1.JenkinsIntegrationTestNGClass -->
