<?xml version="1.0" encoding="UTF-8"?>
<!-- Generated by org.testng.reporters.JUnitReportReporter -->
<testsuite skipped="0" hostname="LAPTOP32" name="kovair.JenkinsIntegration1.JenkinsIntegrationTestNGClass" tests="3" failures="0" timestamp="11 Jun 2019 11:17:30 GMT" time="0.030" errors="0">
  <testcase name="NGTest1" time="0.013" classname="kovair.JenkinsIntegration1.JenkinsIntegrationTestNGClass"/>
  <testcase name="NGTest3" time="0.014" classname="kovair.JenkinsIntegration1.JenkinsIntegrationTestNGClass"/>
  <testcase name="NGTest2" time="0.003" classname="kovair.JenkinsIntegration1.JenkinsIntegrationTestNGClass"/>
</testsuite> <!-- kovair.JenkinsIntegration1.JenkinsIntegrationTestNGClass -->
