<?xml version="1.0" encoding="UTF-8"?>
<!-- Generated by org.testng.reporters.JUnitReportReporter -->
<testsuite skipped="1" hostname="LAPTOP32" name="kovair.JenkinsIntegration1.JenkinsIntegrationTestNGClass" tests="4" failures="0" timestamp="11 Jun 2019 12:38:38 GMT" time="0.034" errors="0">
  <testcase name="NGTest1" time="0.016" classname="kovair.JenkinsIntegration1.JenkinsIntegrationTestNGClass"/>
  <testcase name="NGTest2" time="0.011" classname="kovair.JenkinsIntegration1.JenkinsIntegrationTestNGClass">
    <skipped/>
  </testcase> <!-- NGTest2 -->
  <testcase name="NGTest3" time="0.005" classname="kovair.JenkinsIntegration1.JenkinsIntegrationTestNGClass"/>
  <testcase name="NGTest4" time="0.002" classname="kovair.JenkinsIntegration1.JenkinsIntegrationTestNGClass"/>
</testsuite> <!-- kovair.JenkinsIntegration1.JenkinsIntegrationTestNGClass -->
